
========================================================================================================================
                                        Step 耗时详情 (单位: ms) - 2026-01-07 20:45:44                                        
========================================================================================================================
           Step   data_loading      zero_grad        forward       backward optimizer.step   model_logger scheduler.step          Total
---------------------------------------------------------------------------------------------------------------------------------------
              0        5391.80           0.03       14457.66      205401.92           0.02           0.03           0.40      225251.86
              1        2659.83           0.02       11280.21      180541.76           0.02           0.04           0.25      194482.14
              2        4092.42           0.02       11317.37      165986.34           0.02           0.02           0.23      181396.42
              3        4281.68           0.03       11265.71      163965.78           0.02           0.02           0.22      179513.46
              4        2995.52           0.03       10997.16      163749.50           0.02           0.02           0.23      177742.48
              5        4090.29           0.02       11135.37      165631.01           0.02           0.02           0.22      180856.95
              6        2024.12           0.02       11253.86      164384.13           0.02           0.02           0.22      177662.38
              7        4004.53           0.04       11284.02      165752.90           0.02           0.02           0.22      181041.76
              8        4508.45           0.04       11465.28      161746.01           0.02           0.02           0.23      177720.04
              9        2856.30           0.02       11295.02      162778.66           0.02           0.02           0.22      176930.26
             10        3692.47           0.02       11153.90      162619.61           0.02           0.02           0.21      177466.25
             11        2800.79           0.02       11297.12      167425.07           0.02           0.02           0.21      181523.25
             12        4445.36           0.02       11253.03      165767.22           0.02           0.02           0.22      181465.88
             13        3227.72           0.02        8785.53      166141.92           0.02           0.02           0.23      178155.46
             14        4426.65           0.02       11187.91      166298.41           0.02           0.02           0.24      181913.26
             15        4429.09           0.02       11237.52      162967.14           0.02           0.02           0.24      178634.05
             16        3073.52           0.02       11431.89      166945.67           0.01           0.02           0.23      181451.37
             17        3962.86           0.02       11050.43      164220.81           0.02           0.02           0.23      179234.39
             18        3139.52           0.02       11333.37      165698.64           0.02           0.02           0.22      180171.81
             19        4420.45           0.02       11152.64      165346.30           0.02       68598.15           0.25      249517.82
             20        3398.26           0.04       11165.13      160653.11           0.02           0.02           0.22      175216.80
             21        3146.25           0.02       11267.06      165532.95           0.02           0.02           0.22      179946.53
             22        4161.56           0.02       11074.55      160384.08           0.02           0.02           0.22      175620.46
             23        3158.46           0.02       11140.65      165795.55           0.02           0.03           0.22      180094.94
             24        4157.08           0.03       11182.32      164063.79           0.02           0.03           0.24      179403.50
             25        2852.27           0.02       11323.03      171513.94           0.02           0.02           0.24      185689.53
             26        3979.75           0.02       11058.91      167977.70           0.02           0.02           0.23      183016.66
             27        3811.76           0.02       11186.22      171927.03           0.02           0.02           0.22      186925.29
             28        3151.92           0.02       11248.61      167737.14           0.02           0.02           0.23      182137.96
             29        3923.09           0.02       11286.00      172584.68           0.02           0.02           0.23      187794.05
             30        2610.23           0.02       10927.89      168931.34           0.02           0.02           0.22      182469.74
             31        4350.45           0.02       11358.57      168928.66           0.02           0.03           0.22      184637.96
             32        2422.94           0.02       11120.15      174251.05           0.02           0.02           0.23      187794.42
             33        3961.44           0.02       11220.50      171693.88           0.02           0.02           0.22      186876.11
             34        4310.41           0.02       11221.79      169856.53           0.02           0.02           0.24      185389.01
             35        2493.69           0.04       11408.89      166045.27           0.02           0.02           0.22      179948.15
             36        3983.96           0.02       11338.28      173046.78           0.02           0.02           0.19      188369.27
             37        4914.03           0.03       11157.99      171214.14           0.02           0.02           0.22      187286.45
             38        3914.97           0.02        9118.95      173562.25           0.02           0.02           0.22      186596.45
             39        4295.67           0.02       11056.01      169246.93           0.02       70177.55           0.25      254776.44
             40        4750.08           0.02        9517.66      169004.54           0.02           0.02           0.24      183272.56
             41        3873.54           0.02       11106.70      168077.17           0.02           0.02           0.22      183057.70
             42        4140.57           0.02       11477.86      169684.54           0.02           0.02           0.22      185303.25
             43        2362.32           0.02       11168.54      166818.05           0.03           0.02           0.23      180349.21
             44        4239.87           0.02       11359.23      168067.33           0.02           0.02           0.22      183666.71
             45        3820.32           0.02       11239.36      171813.43           0.02           0.02           0.23      186873.39
             46        4095.37           0.02       11267.59      170840.36           0.02           0.03           0.29      186203.68
             47        2853.33           0.02       11227.85      168628.63           0.02           0.02           0.22      182710.08
             48        4238.43           0.02       11074.56      172984.20           0.02           0.02           0.22      188297.48
             49        3812.75           0.02       11263.19      166876.58           0.02           0.02           0.23      181952.80
             50        2743.94           0.03       11277.68      171328.07           0.02           0.02           0.24      185349.99

========================================================================================================================
                                                       统计摘要 (平均值)                                                       
========================================================================================================================
data_loading              | 平均:    3695.14 ms | 总计:     188.45 s | 占比:     2.0%
zero_grad                 | 平均:       0.02 ms | 总计:       0.00 s | 占比:     0.0%
forward                   | 平均:   11166.21 ms | 总计:     569.48 s | 占比:     6.0%
backward                  | 平均:  168479.19 ms | 总计:    8592.44 s | 占比:    90.6%
optimizer.step            | 平均:       0.02 ms | 总计:       0.00 s | 占比:     0.0%
model_logger              | 平均:    2721.11 ms | 总计:     138.78 s | 占比:     1.5%
scheduler.step            | 平均:       0.23 ms | 总计:       0.01 s | 占比:     0.0%
