
========================================================================================================================
                                        Step 耗时详情 (单位: ms) - 2026-01-07 13:24:58                                        
========================================================================================================================
           Step   data_loading      zero_grad        forward       backward optimizer.step   model_logger scheduler.step          Total
---------------------------------------------------------------------------------------------------------------------------------------
              0        9235.68           0.03       13064.56       72317.35           0.02           0.03           0.30       94617.97
              1        4731.39           0.02       11312.92       65289.49           0.02           0.03           0.19       81334.07
              2        3924.84           0.02       11608.40       67182.74           0.02           0.02           0.18       82716.21
              3        4678.91           0.02       11483.90       67093.25           0.02           0.02           0.16       83256.28
              4        6254.58           0.02       11589.20       67981.19           0.02           0.02           0.17       85825.20
              5        4032.70           0.02       11492.99       66963.26           0.02           0.02           0.17       82489.18
              6        4665.81           0.02       11439.10       67537.98           0.02           0.02           0.16       83643.10
              7        4874.46           0.02       11613.78       66923.52           0.02           0.02           0.16       83411.98
              8        4806.21           0.02       11308.16       66572.00           0.03           0.02           0.16       82686.60
              9        6653.18           0.02       11365.19       66844.32           0.02           0.02           0.16       84862.91
             10        4897.56           0.02       11559.42       66679.40           0.02           0.02           0.15       83136.58

========================================================================================================================
                                                       统计摘要 (平均值)                                                       
========================================================================================================================
data_loading              | 平均:    5341.39 ms | 总计:      58.76 s | 占比:     6.3%
zero_grad                 | 平均:       0.02 ms | 总计:       0.00 s | 占比:     0.0%
forward                   | 平均:   11621.60 ms | 总计:     127.84 s | 占比:    13.8%
backward                  | 平均:   67398.59 ms | 总计:     741.38 s | 占比:    79.9%
optimizer.step            | 平均:       0.02 ms | 总计:       0.00 s | 占比:     0.0%
model_logger              | 平均:       0.02 ms | 总计:       0.00 s | 占比:     0.0%
scheduler.step            | 平均:       0.18 ms | 总计:       0.00 s | 占比:     0.0%
